\BOOKMARK [1][-]{section.0.1}{Madrigal.}{}% 1
\BOOKMARK [1][-]{section.0.2}{Villancico.}{}% 2
\BOOKMARK [1][-]{section.0.3}{Silvia, por ti morir\351.}{}% 3
\BOOKMARK [1][-]{section.0.4}{Vuestra tirana exenci\363n...}{}% 4
\BOOKMARK [1][-]{section.0.5}{R\355ndeme amor el fuerte de mis ojos...}{}% 5
\BOOKMARK [1][-]{section.0.6}{Madre, la mi madre.}{}% 6
\BOOKMARK [1][-]{section.0.7}{A una dama.}{}% 7
\BOOKMARK [1][-]{section.0.8}{En el cristal de ti divina mano...}{}% 8
\BOOKMARK [1][-]{section.0.9}{Definici\363n del amor.}{}% 9
\BOOKMARK [1][-]{section.0.10}{Yo os promet\355, mi libertad querida...}{}% 10
\BOOKMARK [1][-]{section.0.11}{Amante ausente del objeto amado.}{}% 11
\BOOKMARK [1][-]{section.0.12}{\277Ves esa rosa que tan bella y pura...}{}% 12
\BOOKMARK [1][-]{section.0.13}{Que contiene una fantas\355a contenta con amor decente}{}% 13
\BOOKMARK [1][-]{section.0.14}{Que da miedo para amar sin mucha pena.}{}% 14
\BOOKMARK [1][-]{section.0.15}{La ni\361a descolorida.}{}% 15
\BOOKMARK [1][-]{section.0.16}{La rosa de Elvira.}{}% 16
\BOOKMARK [1][-]{section.0.17}{Letrilla.}{}% 17
\BOOKMARK [1][-]{section.0.18}{Las quejas de su amor.}{}% 18
\BOOKMARK [1][-]{section.0.19}{Yo pienso en ti.}{}% 19
\BOOKMARK [1][-]{section.0.20}{\277No es verdad \341ngel de amor?}{}% 20
\BOOKMARK [1][-]{section.0.21}{Amar y querer.}{}% 21
\BOOKMARK [1][-]{section.0.22}{Una ni\361a menos.}{}% 22
\BOOKMARK [1][-]{section.0.23}{Rimas.}{}% 23
\BOOKMARK [1][-]{section.0.24}{Los mejores ojos.}{}% 24
\BOOKMARK [1][-]{section.0.25}{La ni\361a y la rosa.}{}% 25
\BOOKMARK [1][-]{section.0.26}{La \372ltima cita.}{}% 26
\BOOKMARK [1][-]{section.0.27}{Date Lilia.}{}% 27
\BOOKMARK [1][-]{section.0.28}{Un beso nada mas.}{}% 28
\BOOKMARK [1][-]{section.0.29}{La ni\361a de Guatemala.}{}% 29
\BOOKMARK [1][-]{section.0.30}{A una dama.}{}% 30
\BOOKMARK [1][-]{section.0.31}{Engarce.}{}% 31
\BOOKMARK [1][-]{section.0.32}{A Berta.}{}% 32
\BOOKMARK [1][-]{section.0.33}{A In\351s.}{}% 33
\BOOKMARK [1][-]{section.0.34}{Deseo.}{}% 34
\BOOKMARK [1][-]{section.0.35}{Invitaci\363n al amor.}{}% 35
\BOOKMARK [1][-]{section.0.36}{El lunar.}{}% 36
\BOOKMARK [1][-]{section.0.37}{\323nix.}{}% 37
\BOOKMARK [1][-]{section.0.38}{Cuando sepas hallar una sonrisa.}{}% 38
\BOOKMARK [1][-]{section.0.39}{Oce\341nida.}{}% 39
\BOOKMARK [1][-]{section.0.40}{La ni\361a de la l\341mpara azul.}{}% 40
\BOOKMARK [1][-]{section.0.41}{Ma\361ana de luz.}{}% 41
\BOOKMARK [1][-]{section.0.42}{El elogio de la amada.}{}% 42
\BOOKMARK [1][-]{section.0.43}{Misterio.}{}% 43
\BOOKMARK [1][-]{section.0.44}{So\361\351 que t\372 me llevabas...}{}% 44
\BOOKMARK [1][-]{section.0.45}{Huye del triste amor, amor pacato...}{}% 45
\BOOKMARK [1][-]{section.0.46}{Voto.}{}% 46
\BOOKMARK [1][-]{section.0.47}{\241Ma\361ana de primavera!}{}% 47
\BOOKMARK [1][-]{section.0.48}{Copos de espuma.}{}% 48
\BOOKMARK [1][-]{section.0.49}{Fue en un jard\355n.}{}% 49
\BOOKMARK [1][-]{section.0.50}{Canci\363n de la amada en trusa.}{}% 50
\BOOKMARK [1][-]{section.0.51}{Nupcial.}{}% 51
\BOOKMARK [1][-]{section.0.52}{El alma ten\355as...}{}% 52
\BOOKMARK [1][-]{section.0.53}{La casada infiel.}{}% 53
\BOOKMARK [1][-]{section.0.54}{Soneto.}{}% 54
\BOOKMARK [1][-]{section.0.55}{Verg\374enza.}{}% 55
\BOOKMARK [1][-]{section.0.56}{\277Conoce alguien el amor?}{}% 56
\BOOKMARK [1][-]{section.0.57}{El reino de las almas.}{}% 57
\BOOKMARK [1][-]{section.0.58}{Sonatina.}{}% 58
\BOOKMARK [1][-]{section.0.59}{Caso.}{}% 59
\BOOKMARK [1][-]{section.0.60}{El d\355a que me quieras.}{}% 60
\BOOKMARK [1][-]{section.0.61}{Tan rubia es la ni\361a, que...}{}% 61
\BOOKMARK [1][-]{section.0.62}{Gratia Plena.}{}% 62
\BOOKMARK [1][-]{section.0.63}{El beso.}{}% 63
\BOOKMARK [1][-]{section.0.64}{Alma venturosa.}{}% 64
\BOOKMARK [1][-]{section.0.65}{La m\341scara japonesa.}{}% 65
\BOOKMARK [1][-]{section.0.66}{Luz.}{}% 66
\BOOKMARK [1][-]{section.0.67}{La hora.}{}% 67
\BOOKMARK [1][-]{section.0.68}{El dulce milagro.}{}% 68
\BOOKMARK [1][-]{section.0.69}{Rumbo.}{}% 69
\BOOKMARK [1][-]{section.0.70}{Alusi\363n a los cabellos casta\361os.}{}% 70
\BOOKMARK [1][-]{section.0.71}{Visi\363n.}{}% 71
